\BOOKMARK [0][-]{dummy.4}{\376\377\000A\000b\000b\000r\000e\000v\000i\000a\000t\000i\000o\000n\000s}{}% 1
\BOOKMARK [0][-]{chapter.21}{\376\377\0001\000\040\000W\000i\000r\000e\000l\000e\000s\000s\000\040\000S\000e\000n\000s\000o\000r\000\040\000N\000e\000t\000w\000o\000r\000k\000s}{}% 2
\BOOKMARK [0][-]{chapter.22}{\376\377\0002\000\040\000E\000n\000e\000r\000g\000y\000-\000e\000f\000f\000i\000c\000i\000e\000n\000c\000y\000\040\000M\000A\000C\000\040\000p\000r\000o\000t\000o\000c\000o\000l\000s\000\040\000f\000o\000r\000\040\000W\000i\000r\000e\000l\000e\000s\000s\000\040\000S\000e\000n\000s\000o\000r\000\040\000N\000e\000t\000w\000o\000r\000k\000s}{}% 3
\BOOKMARK [1][-]{section.23}{\376\377\0002\000.\0001\000\040\000E\000n\000e\000r\000g\000y\000-\000e\000f\000f\000i\000c\000i\000e\000n\000c\000y\000\040\000M\000A\000C\000\040\000p\000r\000o\000t\000o\000c\000o\000l\000s}{chapter.22}% 4
\BOOKMARK [0][-]{chapter.24}{\376\377\0003\000\040\000F\000a\000s\000t\000\040\000T\000r\000a\000f\000f\000i\000c\000\040\000A\000d\000a\000p\000t\000i\000v\000e\000\040\000M\000A\000C\000\040\000p\000r\000o\000t\000o\000c\000o\000l}{}% 5
\BOOKMARK [1][-]{section.25}{\376\377\0003\000.\0001\000\040\000P\000r\000o\000t\000o\000c\000o\000l\000\040\000d\000e\000s\000i\000g\000n}{chapter.24}% 6
\BOOKMARK [2][-]{subsection.26}{\376\377\0003\000.\0001\000.\0001\000\040\000T\000r\000a\000f\000f\000i\000c\000\040\000S\000t\000a\000t\000u\000s\000\040\000R\000e\000g\000i\000s\000t\000e\000r\000\040\000\050\000T\000S\000R\000\051\000\040\000b\000a\000s\000e\000d\000\040\000p\000r\000o\000t\000o\000c\000o\000l}{section.25}% 7
\BOOKMARK [2][-]{subsection.27}{\376\377\0003\000.\0001\000.\0002\000\040\000F\000a\000s\000t\000\040\000T\000r\000a\000f\000f\000i\000c\000\040\000A\000d\000a\000p\000t\000i\000v\000e\000\040\000\050\000F\000T\000A\000\051\000\040\000M\000A\000C\000\040\000p\000r\000o\000t\000o\000c\000o\000l\000\040\000d\000e\000s\000i\000g\000n}{section.25}% 8
\BOOKMARK [2][-]{subsection.28}{\376\377\0003\000.\0001\000.\0003\000\040\000F\000r\000a\000m\000e\000\040\000s\000t\000r\000u\000c\000t\000u\000r\000e}{section.25}% 9
\BOOKMARK [2][-]{subsection.29}{\376\377\0003\000.\0001\000.\0004\000\040\000E\000n\000e\000r\000g\000y\000\040\000c\000o\000n\000s\000u\000m\000p\000t\000i\000o\000n\000\040\000m\000o\000d\000e\000l\000s}{section.25}% 10
\BOOKMARK [1][-]{section.30}{\376\377\0003\000.\0002\000\040\000I\000m\000p\000l\000e\000m\000e\000n\000t\000a\000t\000i\000o\000n}{chapter.24}% 11
\BOOKMARK [1][-]{section.31}{\376\377\0003\000.\0003\000\040\000E\000v\000a\000l\000u\000a\000t\000i\000o\000n}{chapter.24}% 12
\BOOKMARK [0][-]{chapter.32}{\376\377\0004\000\040\000F\000T\000A\000-\000M\000A\000C\000\040\000E\000x\000t\000e\000n\000s\000i\000o\000n\000s}{}% 13
\BOOKMARK [0][-]{chapter.33}{\376\377\0005\000\040\000A\000g\000g\000r\000e\000g\000a\000t\000i\000o\000n\000\040\000M\000A\000C\000\040\000p\000r\000o\000t\000o\000c\000o\000l}{}% 14
\BOOKMARK [1][-]{section.34}{\376\377\0005\000.\0001\000\040\000S\000t\000a\000t\000e\000\040\000o\000f\000\040\000t\000h\000e\000\040\000a\000r\000t}{chapter.33}% 15
\BOOKMARK [1][-]{section.35}{\376\377\0005\000.\0002\000\040\000A\000g\000g\000r\000e\000g\000a\000t\000i\000o\000n\000\040\000M\000A\000C\000\040\000p\000r\000o\000t\000o\000c\000o\000l\000s}{chapter.33}% 16
\BOOKMARK [2][-]{subsection.36}{\376\377\0005\000.\0002\000.\0001\000\040\000F\000i\000x\000e\000d\000\040\000A\000g\000g\000r\000e\000g\000a\000t\000i\000o\000n}{section.35}% 17
\BOOKMARK [3][-]{subsubsection.37}{\376\377\0005\000.\0002\000.\0001\000.\0001\000\040\000P\000r\000o\000t\000o\000c\000o\000l\000\040\000d\000e\000s\000i\000g\000n}{subsection.36}% 18
\BOOKMARK [3][-]{subsubsection.40}{\376\377\0005\000.\0002\000.\0001\000.\0002\000\040\000A\000g\000g\000r\000e\000g\000a\000t\000e\000d\000\040\000p\000a\000c\000k\000e\000t\000\040\000s\000t\000r\000u\000c\000t\000u\000r\000e}{subsection.36}% 19
\BOOKMARK [2][-]{subsection.46}{\376\377\0005\000.\0002\000.\0002\000\040\000D\000y\000n\000a\000m\000i\000c\000\040\000D\000e\000c\000i\000s\000i\000o\000n\000\040\000A\000g\000g\000r\000e\000g\000a\000t\000i\000o\000n}{section.35}% 20
\BOOKMARK [3][-]{subsubsection.47}{\376\377\0005\000.\0002\000.\0002\000.\0001\000\040\000L\000i\000m\000i\000t\000a\000t\000i\000o\000n\000\040\000o\000f\000\040\000F\000i\000x\000e\000d\000\040\000A\000g\000g\000r\000e\000g\000a\000t\000i\000o\000n}{subsection.46}% 21
\BOOKMARK [3][-]{subsubsection.49}{\376\377\0005\000.\0002\000.\0002\000.\0002\000\040\000D\000y\000n\000a\000m\000i\000c\000\040\000D\000e\000c\000i\000s\000i\000o\000n\000\040\000A\000g\000g\000r\000e\000g\000a\000t\000i\000o\000n}{subsection.46}% 22
\BOOKMARK [1][-]{section.54}{\376\377\0005\000.\0003\000\040\000I\000m\000p\000l\000e\000m\000e\000n\000t\000a\000t\000i\000o\000n\000\040\000a\000n\000d\000\040\000E\000v\000a\000l\000u\000a\000t\000i\000o\000n}{chapter.33}% 23
\BOOKMARK [2][-]{subsection.55}{\376\377\0005\000.\0003\000.\0001\000\040\000I\000m\000p\000l\000e\000m\000e\000n\000t\000a\000t\000i\000o\000n\000\040\000o\000f\000\040\000t\000h\000e\000\040\000a\000g\000g\000r\000e\000g\000a\000t\000i\000o\000n\000\040\000M\000A\000C\000\040\000p\000r\000o\000t\000o\000c\000o\000l\000s\000\040\000i\000n\000\040\000R\000I\000C\000E\000R\0003}{section.54}% 24
\BOOKMARK [3][-]{subsubsection.56}{\376\377\0005\000.\0003\000.\0001\000.\0001\000\040\000R\000I\000C\000E\000R\0003\000\040\000F\000i\000x\000e\000d\000\040\000A\000g\000g\000r\000e\000g\000a\000t\000i\000o\000n\000\040\000\050\000R\000I\000C\000E\000R\0003\000-\000F\000A\000\051}{subsection.55}% 25
\BOOKMARK [2][-]{subsection.58}{\376\377\0005\000.\0003\000.\0002\000\040\000E\000v\000a\000l\000u\000a\000t\000i\000o\000n}{section.54}% 26
\BOOKMARK [3][-]{subsubsection.59}{\376\377\0005\000.\0003\000.\0002\000.\0001\000\040\000S\000i\000m\000u\000l\000a\000t\000i\000o\000n\000\040\000p\000a\000r\000a\000m\000e\000t\000e\000r\000s}{subsection.58}% 27
\BOOKMARK [3][-]{subsubsection.60}{\376\377\0005\000.\0003\000.\0002\000.\0002\000\040\000R\000e\000s\000u\000l\000t\000s}{subsection.58}% 28
